<?xml version="1.0" encoding="UTF-8"?>
<testng-results ignored="0" total="2" passed="2" failed="0" skipped="0">
  <reporter-output>
  </reporter-output>
  <suite started-at="2022-12-18T17:32:12 CST" name="Surefire suite" finished-at="2022-12-18T17:32:38 CST" duration-ms="26716">
    <groups>
      <group name="cucumber">
        <method signature="AbstractTestNGCucumberTests.feature(cucumber.api.testng.CucumberFeatureWrapper)[pri:0, instance:TestRunnerrrrrr.TestRunnerrrrr@14555e0a]" name="feature" class="cucumber.api.testng.AbstractTestNGCucumberTests"/>
      </group> <!-- cucumber -->
    </groups>
    <test started-at="2022-12-18T17:32:12 CST" name="Surefire test" finished-at="2022-12-18T17:32:38 CST" duration-ms="26716">
      <class name="TestRunnerrrrrr.TestRunnerrrrr">
        <test-method is-config="true" signature="metasetup()[pri:0, instance:TestRunnerrrrrr.TestRunnerrrrr@14555e0a]" started-at="2022-12-18T17:32:12 CST" name="metasetup" finished-at="2022-12-18T17:32:14 CST" duration-ms="2414" status="PASS">
          <reporter-output>
          </reporter-output>
        </test-method> <!-- metasetup -->
        <test-method is-config="true" signature="setUpClass()[pri:0, instance:TestRunnerrrrrr.TestRunnerrrrr@14555e0a]" started-at="2022-12-18T17:32:14 CST" name="setUpClass" finished-at="2022-12-18T17:32:14 CST" duration-ms="198" status="PASS">
          <reporter-output>
          </reporter-output>
        </test-method> <!-- setUpClass -->
        <test-method signature="feature(cucumber.api.testng.CucumberFeatureWrapper)[pri:0, instance:TestRunnerrrrrr.TestRunnerrrrr@14555e0a]" started-at="2022-12-18T17:32:14 CST" name="feature" description="Runs Cucumber Feature" data-provider="features" finished-at="2022-12-18T17:32:25 CST" duration-ms="10872" status="PASS">
          <params>
            <param index="0">
              <value>
                <![CDATA[This feature for Cart functionality]]>
              </value>
            </param>
          </params>
          <reporter-output>
          </reporter-output>
        </test-method> <!-- feature -->
        <test-method signature="feature(cucumber.api.testng.CucumberFeatureWrapper)[pri:0, instance:TestRunnerrrrrr.TestRunnerrrrr@14555e0a]" started-at="2022-12-18T17:32:25 CST" name="feature" description="Runs Cucumber Feature" data-provider="features" finished-at="2022-12-18T17:32:38 CST" duration-ms="12828" status="PASS">
          <params>
            <param index="0">
              <value>
                <![CDATA[This feature is for login functionality]]>
              </value>
            </param>
          </params>
          <reporter-output>
          </reporter-output>
        </test-method> <!-- feature -->
        <test-method is-config="true" signature="tearDownClass()[pri:0, instance:TestRunnerrrrrr.TestRunnerrrrr@14555e0a]" started-at="2022-12-18T17:32:38 CST" name="tearDownClass" finished-at="2022-12-18T17:32:38 CST" duration-ms="8" status="PASS">
          <reporter-output>
          </reporter-output>
        </test-method> <!-- tearDownClass -->
        <test-method is-config="true" signature="metaCloseURL()[pri:0, instance:TestRunnerrrrrr.TestRunnerrrrr@14555e0a]" started-at="2022-12-18T17:32:38 CST" name="metaCloseURL" finished-at="2022-12-18T17:32:38 CST" duration-ms="283" status="PASS">
          <reporter-output>
          </reporter-output>
        </test-method> <!-- metaCloseURL -->
      </class> <!-- TestRunnerrrrrr.TestRunnerrrrr -->
    </test> <!-- Surefire test -->
  </suite> <!-- Surefire suite -->
</testng-results>
