<?xml version="1.0" encoding="UTF-8"?>
<testng-results ignored="0" total="1" passed="1" failed="0" skipped="0">
  <reporter-output>
  </reporter-output>
  <suite started-at="2022-12-18T17:18:33 CST" name="Default suite" finished-at="2022-12-18T17:18:46 CST" duration-ms="13089">
    <groups>
      <group name="cucumber">
        <method signature="AbstractTestNGCucumberTests.feature(cucumber.api.testng.CucumberFeatureWrapper)[pri:0, instance:TestRunnerrrrrr.TestRunnerrrrr@5890e879]" name="feature" class="cucumber.api.testng.AbstractTestNGCucumberTests"/>
      </group> <!-- cucumber -->
    </groups>
    <test started-at="2022-12-18T17:18:33 CST" name="Default test" finished-at="2022-12-18T17:18:46 CST" duration-ms="13089">
      <class name="TestRunnerrrrrr.TestRunnerrrrr">
        <test-method is-config="true" signature="metasetup()[pri:0, instance:TestRunnerrrrrr.TestRunnerrrrr@5890e879]" started-at="2022-12-18T17:18:33 CST" name="metasetup" finished-at="2022-12-18T17:18:34 CST" duration-ms="1778" status="PASS">
          <reporter-output>
          </reporter-output>
        </test-method> <!-- metasetup -->
        <test-method is-config="true" signature="setUpClass()[pri:0, instance:TestRunnerrrrrr.TestRunnerrrrr@5890e879]" started-at="2022-12-18T17:18:34 CST" name="setUpClass" finished-at="2022-12-18T17:18:35 CST" duration-ms="210" status="PASS">
          <reporter-output>
          </reporter-output>
        </test-method> <!-- setUpClass -->
        <test-method signature="feature(cucumber.api.testng.CucumberFeatureWrapper)[pri:0, instance:TestRunnerrrrrr.TestRunnerrrrr@5890e879]" started-at="2022-12-18T17:18:35 CST" name="feature" description="Runs Cucumber Feature" data-provider="features" finished-at="2022-12-18T17:18:45 CST" duration-ms="10685" status="PASS">
          <params>
            <param index="0">
              <value>
                <![CDATA[This feature for Cart functionality]]>
              </value>
            </param>
          </params>
          <reporter-output>
          </reporter-output>
        </test-method> <!-- feature -->
        <test-method is-config="true" signature="tearDownClass()[pri:0, instance:TestRunnerrrrrr.TestRunnerrrrr@5890e879]" started-at="2022-12-18T17:18:45 CST" name="tearDownClass" finished-at="2022-12-18T17:18:45 CST" duration-ms="7" status="PASS">
          <reporter-output>
          </reporter-output>
        </test-method> <!-- tearDownClass -->
        <test-method is-config="true" signature="metaCloseURL()[pri:0, instance:TestRunnerrrrrr.TestRunnerrrrr@5890e879]" started-at="2022-12-18T17:18:45 CST" name="metaCloseURL" finished-at="2022-12-18T17:18:46 CST" duration-ms="293" status="PASS">
          <reporter-output>
          </reporter-output>
        </test-method> <!-- metaCloseURL -->
      </class> <!-- TestRunnerrrrrr.TestRunnerrrrr -->
    </test> <!-- Default test -->
  </suite> <!-- Default suite -->
</testng-results>
